<?xml version="1.0" encoding="UTF-8"?>
<testsuite xmlns:xsi="http://www.w3.org/2001/XMLSchema-instance" xsi:noNamespaceSchemaLocation="https://maven.apache.org/surefire/maven-surefire-plugin/xsd/surefire-test-report.xsd" name="UnitTest.UserUnitTests" time="0.32" tests="23" errors="2" skipped="0" failures="9">
  <properties>
    <property name="java.specification.version" value="22"/>
    <property name="sun.jnu.encoding" value="UTF-8"/>
    <property name="java.class.path" value="/Users/maged/Desktop/Market_14B/market14B/target/test-classes:/Users/maged/Desktop/Market_14B/market14B/target/classes:/Users/maged/.m2/repository/org/junit/jupiter/junit-jupiter-engine/5.9.3/junit-jupiter-engine-5.9.3.jar:/Users/maged/.m2/repository/org/junit/platform/junit-platform-engine/1.9.3/junit-platform-engine-1.9.3.jar:/Users/maged/.m2/repository/org/apiguardian/apiguardian-api/1.1.2/apiguardian-api-1.1.2.jar:/Users/maged/.m2/repository/org/junit/jupiter/junit-jupiter-api/5.9.3/junit-jupiter-api-5.9.3.jar:/Users/maged/.m2/repository/org/opentest4j/opentest4j/1.2.0/opentest4j-1.2.0.jar:/Users/maged/.m2/repository/org/junit/platform/junit-platform-commons/1.9.3/junit-platform-commons-1.9.3.jar:/Users/maged/.m2/repository/org/springframework/security/spring-security-core/5.8.0/spring-security-core-5.8.0.jar:/Users/maged/.m2/repository/org/springframework/security/spring-security-crypto/5.8.0/spring-security-crypto-5.8.0.jar:/Users/maged/.m2/repository/org/springframework/spring-aop/5.3.24/spring-aop-5.3.24.jar:/Users/maged/.m2/repository/org/springframework/spring-beans/5.3.24/spring-beans-5.3.24.jar:/Users/maged/.m2/repository/org/springframework/spring-context/5.3.24/spring-context-5.3.24.jar:/Users/maged/.m2/repository/org/springframework/spring-core/5.3.24/spring-core-5.3.24.jar:/Users/maged/.m2/repository/org/springframework/spring-jcl/5.3.24/spring-jcl-5.3.24.jar:/Users/maged/.m2/repository/org/springframework/spring-expression/5.3.24/spring-expression-5.3.24.jar:/Users/maged/.m2/repository/io/jsonwebtoken/jjwt-api/0.11.5/jjwt-api-0.11.5.jar:/Users/maged/.m2/repository/io/jsonwebtoken/jjwt-impl/0.11.5/jjwt-impl-0.11.5.jar:/Users/maged/.m2/repository/io/jsonwebtoken/jjwt-jackson/0.11.5/jjwt-jackson-0.11.5.jar:/Users/maged/.m2/repository/com/fasterxml/jackson/core/jackson-databind/2.12.6.1/jackson-databind-2.12.6.1.jar:/Users/maged/.m2/repository/com/fasterxml/jackson/core/jackson-annotations/2.12.6/jackson-annotations-2.12.6.jar:/Users/maged/.m2/repository/com/fasterxml/jackson/core/jackson-core/2.12.6/jackson-core-2.12.6.jar:"/>
    <property name="java.vm.vendor" value="Homebrew"/>
    <property name="sun.arch.data.model" value="64"/>
    <property name="java.vendor.url" value="https://github.com/Homebrew/homebrew-core/issues"/>
    <property name="os.name" value="Mac OS X"/>
    <property name="java.vm.specification.version" value="22"/>
    <property name="sun.java.launcher" value="SUN_STANDARD"/>
    <property name="user.country" value="IL"/>
    <property name="sun.boot.library.path" value="/opt/homebrew/Cellar/openjdk/22.0.1/libexec/openjdk.jdk/Contents/Home/lib"/>
    <property name="sun.java.command" value="/Users/maged/Desktop/Market_14B/market14B/target/surefire/surefirebooter3917409430521349875.jar /Users/maged/Desktop/Market_14B/market14B/target/surefire 2024-06-10T18-09-54_450-jvmRun1 surefire10300108006100714708tmp surefire_03993552188908936176tmp"/>
    <property name="http.nonProxyHosts" value="local|*.local|169.254/16|*.169.254/16"/>
    <property name="jdk.debug" value="release"/>
    <property name="surefire.test.class.path" value="/Users/maged/Desktop/Market_14B/market14B/target/test-classes:/Users/maged/Desktop/Market_14B/market14B/target/classes:/Users/maged/.m2/repository/org/junit/jupiter/junit-jupiter-engine/5.9.3/junit-jupiter-engine-5.9.3.jar:/Users/maged/.m2/repository/org/junit/platform/junit-platform-engine/1.9.3/junit-platform-engine-1.9.3.jar:/Users/maged/.m2/repository/org/apiguardian/apiguardian-api/1.1.2/apiguardian-api-1.1.2.jar:/Users/maged/.m2/repository/org/junit/jupiter/junit-jupiter-api/5.9.3/junit-jupiter-api-5.9.3.jar:/Users/maged/.m2/repository/org/opentest4j/opentest4j/1.2.0/opentest4j-1.2.0.jar:/Users/maged/.m2/repository/org/junit/platform/junit-platform-commons/1.9.3/junit-platform-commons-1.9.3.jar:/Users/maged/.m2/repository/org/springframework/security/spring-security-core/5.8.0/spring-security-core-5.8.0.jar:/Users/maged/.m2/repository/org/springframework/security/spring-security-crypto/5.8.0/spring-security-crypto-5.8.0.jar:/Users/maged/.m2/repository/org/springframework/spring-aop/5.3.24/spring-aop-5.3.24.jar:/Users/maged/.m2/repository/org/springframework/spring-beans/5.3.24/spring-beans-5.3.24.jar:/Users/maged/.m2/repository/org/springframework/spring-context/5.3.24/spring-context-5.3.24.jar:/Users/maged/.m2/repository/org/springframework/spring-core/5.3.24/spring-core-5.3.24.jar:/Users/maged/.m2/repository/org/springframework/spring-jcl/5.3.24/spring-jcl-5.3.24.jar:/Users/maged/.m2/repository/org/springframework/spring-expression/5.3.24/spring-expression-5.3.24.jar:/Users/maged/.m2/repository/io/jsonwebtoken/jjwt-api/0.11.5/jjwt-api-0.11.5.jar:/Users/maged/.m2/repository/io/jsonwebtoken/jjwt-impl/0.11.5/jjwt-impl-0.11.5.jar:/Users/maged/.m2/repository/io/jsonwebtoken/jjwt-jackson/0.11.5/jjwt-jackson-0.11.5.jar:/Users/maged/.m2/repository/com/fasterxml/jackson/core/jackson-databind/2.12.6.1/jackson-databind-2.12.6.1.jar:/Users/maged/.m2/repository/com/fasterxml/jackson/core/jackson-annotations/2.12.6/jackson-annotations-2.12.6.jar:/Users/maged/.m2/repository/com/fasterxml/jackson/core/jackson-core/2.12.6/jackson-core-2.12.6.jar:"/>
    <property name="sun.cpu.endian" value="little"/>
    <property name="user.home" value="/Users/maged"/>
    <property name="user.language" value="en"/>
    <property name="java.specification.vendor" value="Oracle Corporation"/>
    <property name="java.version.date" value="2024-04-16"/>
    <property name="java.home" value="/opt/homebrew/Cellar/openjdk/22.0.1/libexec/openjdk.jdk/Contents/Home"/>
    <property name="file.separator" value="/"/>
    <property name="basedir" value="/Users/maged/Desktop/Market_14B/market14B"/>
    <property name="java.vm.compressedOopsMode" value="Zero based"/>
    <property name="line.separator" value="&#10;"/>
    <property name="java.vm.specification.vendor" value="Oracle Corporation"/>
    <property name="java.specification.name" value="Java Platform API Specification"/>
    <property name="apple.awt.application.name" value="ForkedBooter"/>
    <property name="surefire.real.class.path" value="/Users/maged/Desktop/Market_14B/market14B/target/surefire/surefirebooter3917409430521349875.jar"/>
    <property name="sun.management.compiler" value="HotSpot 64-Bit Tiered Compilers"/>
    <property name="ftp.nonProxyHosts" value="local|*.local|169.254/16|*.169.254/16"/>
    <property name="java.runtime.version" value="22.0.1"/>
    <property name="user.name" value="maged"/>
    <property name="stdout.encoding" value="UTF-8"/>
    <property name="path.separator" value=":"/>
    <property name="os.version" value="14.4.1"/>
    <property name="java.runtime.name" value="OpenJDK Runtime Environment"/>
    <property name="file.encoding" value="UTF-8"/>
    <property name="java.vm.name" value="OpenJDK 64-Bit Server VM"/>
    <property name="java.vendor.version" value="Homebrew"/>
    <property name="localRepository" value="/Users/maged/.m2/repository"/>
    <property name="java.vendor.url.bug" value="https://github.com/Homebrew/homebrew-core/issues"/>
    <property name="java.io.tmpdir" value="/var/folders/96/rzr_svz92llc7cxwwg__p3fm0000gn/T/"/>
    <property name="java.version" value="22.0.1"/>
    <property name="user.dir" value="/Users/maged/Desktop/Market_14B/market14B"/>
    <property name="os.arch" value="aarch64"/>
    <property name="java.vm.specification.name" value="Java Virtual Machine Specification"/>
    <property name="native.encoding" value="UTF-8"/>
    <property name="java.library.path" value="/Users/maged/Library/Java/Extensions:/Library/Java/Extensions:/Network/Library/Java/Extensions:/System/Library/Java/Extensions:/usr/lib/java:."/>
    <property name="java.vm.info" value="mixed mode, sharing"/>
    <property name="stderr.encoding" value="UTF-8"/>
    <property name="java.vendor" value="Homebrew"/>
    <property name="java.vm.version" value="22.0.1"/>
    <property name="sun.io.unicode.encoding" value="UnicodeBig"/>
    <property name="socksNonProxyHosts" value="local|*.local|169.254/16|*.169.254/16"/>
    <property name="java.class.version" value="66.0"/>
  </properties>
  <testcase name="testBuy_UserNotExists" classname="UnitTest.UserUnitTests" time="0.037"/>
  <testcase name="testLogin_IncorrectUsername" classname="UnitTest.UserUnitTests" time="0.002"/>
  <testcase name="testLogin_Success" classname="UnitTest.UserUnitTests" time="0.012">
    <failure message="Exception should not be thrown: username or password are incorrect" type="org.opentest4j.AssertionFailedError">org.opentest4j.AssertionFailedError: Exception should not be thrown: username or password are incorrect
	at UnitTest.UserUnitTests.testLogin_Success(UserUnitTests.java:85)
</failure>
    <system-err><![CDATA[Jun 10, 2024 6:09:55 PM DomainLayer.backend.UserPackage.UserController Login
INFO: guest: 0, username: ali, password: 123
Jun 10, 2024 6:09:55 PM DomainLayer.backend.UserPackage.UserController authenticate
INFO: username: ali, password: 123
Jun 10, 2024 6:09:55 PM DomainLayer.backend.UserPackage.UserController isRegistered
INFO: username: ali
Jun 10, 2024 6:09:55 PM DomainLayer.backend.UserPackage.UserController authenticate
INFO: authenticated
Jun 10, 2024 6:09:55 PM org.springframework.security.crypto.bcrypt.BCryptPasswordEncoder matches
WARNING: Encoded password does not look like BCrypt
Jun 10, 2024 6:09:55 PM DomainLayer.backend.UserPackage.UserController Login
SEVERE: username or password are incorrect
]]></system-err>
  </testcase>
  <testcase name="testGuestExit_Success" classname="UnitTest.UserUnitTests" time="0.003"/>
  <testcase name="testBuy_RegUserExists" classname="UnitTest.UserUnitTests" time="0.011">
    <failure message="Exception should not be thrown: Cannot invoke &quot;DomainLayer.backend.StorePackage.Store.check(java.util.Map)&quot; because &quot;store&quot; is null" type="org.opentest4j.AssertionFailedError">org.opentest4j.AssertionFailedError: Exception should not be thrown: Cannot invoke "DomainLayer.backend.StorePackage.Store.check(java.util.Map)" because "store" is null
	at UnitTest.UserUnitTests.testBuy_RegUserExists(UserUnitTests.java:198)
</failure>
    <system-err><![CDATA[Jun 10, 2024 6:09:55 PM DomainLayer.backend.UserPackage.ShoppingCart addBasket
INFO: Basket added successfully
Jun 10, 2024 6:09:55 PM DomainLayer.backend.Basket addProduct
INFO: product added successfully
Jun 10, 2024 6:09:55 PM DomainLayer.backend.UserPackage.UserController Buy
INFO: username: 0
Jun 10, 2024 6:09:55 PM DomainLayer.backend.UserPackage.UserController getUser
INFO: username: 0
Jun 10, 2024 6:09:55 PM DomainLayer.backend.StorePackage.StoreController getStore
INFO: storeID: 0
Jun 10, 2024 6:09:55 PM DomainLayer.backend.StorePackage.StoreController getStore
SEVERE: Trying to retrieve A non existing StoreID
]]></system-err>
  </testcase>
  <testcase name="inspectCartTest" classname="UnitTest.UserUnitTests" time="0.003"/>
  <testcase name="testGetUser_UserNotExists" classname="UnitTest.UserUnitTests" time="0.003"/>
  <testcase name="testBuy_GuestUserExists" classname="UnitTest.UserUnitTests" time="0.004">
    <failure message="Exception should not be thrown: Cannot invoke &quot;DomainLayer.backend.StorePackage.Store.check(java.util.Map)&quot; because &quot;store&quot; is null" type="org.opentest4j.AssertionFailedError">org.opentest4j.AssertionFailedError: Exception should not be thrown: Cannot invoke "DomainLayer.backend.StorePackage.Store.check(java.util.Map)" because "store" is null
	at UnitTest.UserUnitTests.testBuy_GuestUserExists(UserUnitTests.java:182)
</failure>
    <system-err><![CDATA[Jun 10, 2024 6:09:55 PM DomainLayer.backend.UserPackage.ShoppingCart addBasket
INFO: Basket added successfully
Jun 10, 2024 6:09:55 PM DomainLayer.backend.Basket addProduct
INFO: product added successfully
Jun 10, 2024 6:09:55 PM DomainLayer.backend.UserPackage.UserController Buy
INFO: username: ali
Jun 10, 2024 6:09:55 PM DomainLayer.backend.UserPackage.UserController getUser
INFO: username: ali
Jun 10, 2024 6:09:55 PM DomainLayer.backend.StorePackage.StoreController getStore
INFO: storeID: 0
Jun 10, 2024 6:09:55 PM DomainLayer.backend.StorePackage.StoreController getStore
SEVERE: Trying to retrieve A non existing StoreID
]]></system-err>
  </testcase>
  <testcase name="testGuestExit_Failure" classname="UnitTest.UserUnitTests" time="0.002"/>
  <testcase name="testLogin_IncorrectPassword" classname="UnitTest.UserUnitTests" time="0.008"/>
  <testcase name="testGetUser_RegisteredUserExists" classname="UnitTest.UserUnitTests" time="0.003"/>
  <testcase name="testLogout_UserNotFound" classname="UnitTest.UserUnitTests" time="0.001">
    <failure message="expected: &lt;guest user cannot be added&gt; but was: &lt;Cannot invoke &quot;DomainLayer.backend.UserPackage.User.setLoggedIn(boolean)&quot; because the return value of &quot;java.util.HashMap.get(Object)&quot; is null&gt;" type="org.opentest4j.AssertionFailedError"><![CDATA[org.opentest4j.AssertionFailedError: expected: <guest user cannot be added> but was: <Cannot invoke "DomainLayer.backend.UserPackage.User.setLoggedIn(boolean)" because the return value of "java.util.HashMap.get(Object)" is null>
	at UnitTest.UserUnitTests.testLogout_UserNotFound(UserUnitTests.java:134)
]]></failure>
  </testcase>
  <testcase name="testIsRegistered_UserIsRegistered" classname="UnitTest.UserUnitTests" time="0.001"/>
  <testcase name="testGetUser_GuestUserExists" classname="UnitTest.UserUnitTests" time="0.002"/>
  <testcase name="removeCartItemTest1" classname="UnitTest.UserUnitTests" time="0.003"/>
  <testcase name="removeCartItemTest2" classname="UnitTest.UserUnitTests" time="0.004">
    <failure message="expected: &lt;true&gt; but was: &lt;false&gt;" type="org.opentest4j.AssertionFailedError"><![CDATA[org.opentest4j.AssertionFailedError: expected: <true> but was: <false>
	at UnitTest.UserUnitTests.removeCartItemTest2(UserUnitTests.java:272)
]]></failure>
    <system-err><![CDATA[Jun 10, 2024 6:09:55 PM DomainLayer.backend.UserPackage.UserController removeCartItem
INFO: username: ali, product: 0, storeId: 0
Jun 10, 2024 6:09:55 PM DomainLayer.backend.UserPackage.UserController getUser
INFO: username: ali
Jun 10, 2024 6:09:55 PM DomainLayer.backend.Basket removeItem
SEVERE: couldn't find item
]]></system-err>
  </testcase>
  <testcase name="testAddToCart" classname="UnitTest.UserUnitTests" time="0.005">
    <failure message="expected: &lt;true&gt; but was: &lt;false&gt;" type="org.opentest4j.AssertionFailedError"><![CDATA[org.opentest4j.AssertionFailedError: expected: <true> but was: <false>
	at UnitTest.UserUnitTests.testAddToCart(UserUnitTests.java:244)
]]></failure>
    <system-err><![CDATA[Jun 10, 2024 6:09:55 PM DomainLayer.backend.UserPackage.UserController addToCart
INFO: username: ali, product: 0, quantity: 5
Jun 10, 2024 6:09:55 PM DomainLayer.backend.UserPackage.UserController getUser
INFO: username: ali
Jun 10, 2024 6:09:55 PM DomainLayer.backend.Basket addProduct
INFO: product added successfully
Jun 10, 2024 6:09:55 PM DomainLayer.backend.UserPackage.ShoppingCart addToCart
INFO: added to cart
Jun 10, 2024 6:09:55 PM DomainLayer.backend.UserPackage.User addToCart
INFO: added to cart
]]></system-err>
  </testcase>
  <testcase name="testRegister_Success" classname="UnitTest.UserUnitTests" time="0.121">
    <failure message="Exception should not be thrown: guest user cannot be added" type="org.opentest4j.AssertionFailedError">org.opentest4j.AssertionFailedError: Exception should not be thrown: guest user cannot be added
	at UnitTest.UserUnitTests.testRegister_Success(UserUnitTests.java:149)
</failure>
    <system-err><![CDATA[Jun 10, 2024 6:09:55 PM DomainLayer.backend.UserPackage.UserController Register
INFO: username: newUser, password: password123
Jun 10, 2024 6:09:56 PM DomainLayer.backend.UserPackage.UserController addToRegUserMap
SEVERE: guest user cannot be added
]]></system-err>
  </testcase>
  <testcase name="testEnterAsGuest1" classname="UnitTest.UserUnitTests" time="0.002">
    <error message="guest user cannot be added" type="java.lang.Exception">java.lang.Exception: guest user cannot be added
	at UnitTest.UserUnitTests.testEnterAsGuest1(UserUnitTests.java:36)
</error>
    <system-err><![CDATA[Jun 10, 2024 6:09:56 PM DomainLayer.backend.UserPackage.UserController addToGuestMap
SEVERE: guest user cannot be added
]]></system-err>
  </testcase>
  <testcase name="testEnterAsGuest2" classname="UnitTest.UserUnitTests" time="0.001">
    <error message="guest user cannot be added" type="java.lang.Exception">java.lang.Exception: guest user cannot be added
	at UnitTest.UserUnitTests.testEnterAsGuest2(UserUnitTests.java:43)
</error>
    <system-err><![CDATA[Jun 10, 2024 6:09:56 PM DomainLayer.backend.UserPackage.UserController addToGuestMap
SEVERE: guest user cannot be added
]]></system-err>
  </testcase>
  <testcase name="testLogout_Success" classname="UnitTest.UserUnitTests" time="0.002">
    <failure message="Exception should not be thrown: guest user cannot be added" type="org.opentest4j.AssertionFailedError">org.opentest4j.AssertionFailedError: Exception should not be thrown: guest user cannot be added
	at UnitTest.UserUnitTests.testLogout_Success(UserUnitTests.java:123)
</failure>
    <system-err><![CDATA[Jun 10, 2024 6:09:56 PM DomainLayer.backend.UserPackage.UserController addToGuestMap
SEVERE: guest user cannot be added
]]></system-err>
  </testcase>
  <testcase name="testIsRegistered_UserIsNotRegistered" classname="UnitTest.UserUnitTests" time="0.004"/>
  <testcase name="testRegister_UsernameExists" classname="UnitTest.UserUnitTests" time="0.078">
    <failure message="Exception should not be thrown: guest user cannot be added" type="org.opentest4j.AssertionFailedError">org.opentest4j.AssertionFailedError: Exception should not be thrown: guest user cannot be added
	at UnitTest.UserUnitTests.testRegister_UsernameExists(UserUnitTests.java:160)
</failure>
    <system-err><![CDATA[Jun 10, 2024 6:09:56 PM DomainLayer.backend.UserPackage.UserController Register
INFO: username: existingUser, password: password123
Jun 10, 2024 6:09:56 PM DomainLayer.backend.UserPackage.UserController addToRegUserMap
SEVERE: guest user cannot be added
]]></system-err>
  </testcase>
</testsuite>